<?xml version="1.0" encoding="UTF-8"?>
<coverage generated="1568601088979" clover="3.2.0">
  <project timestamp="1568601088979" name="All files">
    <metrics statements="137" coveredstatements="40" conditionals="90" coveredconditionals="28" methods="43" coveredmethods="12" elements="270" coveredelements="80" complexity="0" loc="137" ncloc="137" packages="9" files="19" classes="19"/>
    <package name="twitter-clone-client">
      <metrics statements="12" coveredstatements="8" conditionals="6" coveredconditionals="6" methods="5" coveredmethods="1"/>
      <file name="App.js" path="/Users/adryo/workspace/mum/mpp/TwitterClone/twitter-clone-client/App.js">
        <metrics statements="12" coveredstatements="8" conditionals="6" coveredconditionals="6" methods="5" coveredmethods="1"/>
        <line num="22" count="1" type="stmt"/>
        <line num="24" count="1" type="stmt"/>
        <line num="27" count="2" type="stmt"/>
        <line num="30" count="2" type="cond" truecount="4" falsecount="0"/>
        <line num="31" count="1" type="stmt"/>
        <line num="35" count="0" type="stmt"/>
        <line num="39" count="1" type="stmt"/>
        <line num="47" count="2" type="stmt"/>
        <line num="61" count="0" type="stmt"/>
        <line num="76" count="0" type="stmt"/>
        <line num="80" count="0" type="stmt"/>
        <line num="83" count="1" type="stmt"/>
      </file>
    </package>
    <package name="twitter-clone-client.src.components">
      <metrics statements="3" coveredstatements="2" conditionals="2" coveredconditionals="0" methods="3" coveredmethods="2"/>
      <file name="RoundButton.js" path="/Users/adryo/workspace/mum/mpp/TwitterClone/twitter-clone-client/src/components/RoundButton.js">
        <metrics statements="1" coveredstatements="1" conditionals="0" coveredconditionals="0" methods="1" coveredmethods="1"/>
        <line num="3" count="1" type="stmt"/>
      </file>
      <file name="StyledText.js" path="/Users/adryo/workspace/mum/mpp/TwitterClone/twitter-clone-client/src/components/StyledText.js">
        <metrics statements="1" coveredstatements="1" conditionals="0" coveredconditionals="0" methods="1" coveredmethods="1"/>
        <line num="5" count="1" type="stmt"/>
      </file>
      <file name="TabBarIcon.js" path="/Users/adryo/workspace/mum/mpp/TwitterClone/twitter-clone-client/src/components/TabBarIcon.js">
        <metrics statements="1" coveredstatements="0" conditionals="2" coveredconditionals="0" methods="1" coveredmethods="0"/>
        <line num="7" count="0" type="stmt"/>
      </file>
    </package>
    <package name="twitter-clone-client.src.constants">
      <metrics statements="1" coveredstatements="1" conditionals="0" coveredconditionals="0" methods="0" coveredmethods="0"/>
      <file name="Colors.js" path="/Users/adryo/workspace/mum/mpp/TwitterClone/twitter-clone-client/src/constants/Colors.js">
        <metrics statements="1" coveredstatements="1" conditionals="0" coveredconditionals="0" methods="0" coveredmethods="0"/>
        <line num="1" count="1" type="stmt"/>
      </file>
    </package>
    <package name="twitter-clone-client.src.redux.actions">
      <metrics statements="0" coveredstatements="0" conditionals="0" coveredconditionals="0" methods="0" coveredmethods="0"/>
      <file name="tweets.js" path="/Users/adryo/workspace/mum/mpp/TwitterClone/twitter-clone-client/src/redux/actions/tweets.js">
        <metrics statements="0" coveredstatements="0" conditionals="0" coveredconditionals="0" methods="0" coveredmethods="0"/>
      </file>
      <file name="user.js" path="/Users/adryo/workspace/mum/mpp/TwitterClone/twitter-clone-client/src/redux/actions/user.js">
        <metrics statements="0" coveredstatements="0" conditionals="0" coveredconditionals="0" methods="0" coveredmethods="0"/>
      </file>
    </package>
    <package name="twitter-clone-client.src.redux.reducers">
      <metrics statements="23" coveredstatements="8" conditionals="19" coveredconditionals="4" methods="3" coveredmethods="3"/>
      <file name="index.js" path="/Users/adryo/workspace/mum/mpp/TwitterClone/twitter-clone-client/src/redux/reducers/index.js">
        <metrics statements="2" coveredstatements="2" conditionals="0" coveredconditionals="0" methods="1" coveredmethods="1"/>
        <line num="5" count="1" type="stmt"/>
        <line num="11" count="2" type="stmt"/>
      </file>
      <file name="tweets.js" path="/Users/adryo/workspace/mum/mpp/TwitterClone/twitter-clone-client/src/redux/reducers/tweets.js">
        <metrics statements="9" coveredstatements="3" conditionals="8" coveredconditionals="2" methods="1" coveredmethods="1"/>
        <line num="3" count="1" type="stmt"/>
        <line num="10" count="4" type="cond" truecount="1" falsecount="6"/>
        <line num="12" count="0" type="stmt"/>
        <line num="14" count="0" type="stmt"/>
        <line num="16" count="0" type="stmt"/>
        <line num="18" count="0" type="stmt"/>
        <line num="20" count="0" type="stmt"/>
        <line num="22" count="0" type="stmt"/>
        <line num="24" count="4" type="stmt"/>
      </file>
      <file name="user.js" path="/Users/adryo/workspace/mum/mpp/TwitterClone/twitter-clone-client/src/redux/reducers/user.js">
        <metrics statements="12" coveredstatements="3" conditionals="11" coveredconditionals="2" methods="1" coveredmethods="1"/>
        <line num="3" count="1" type="stmt"/>
        <line num="20" count="4" type="cond" truecount="1" falsecount="9"/>
        <line num="22" count="0" type="stmt"/>
        <line num="24" count="0" type="stmt"/>
        <line num="26" count="0" type="stmt"/>
        <line num="28" count="0" type="stmt"/>
        <line num="30" count="0" type="stmt"/>
        <line num="32" count="0" type="stmt"/>
        <line num="34" count="0" type="stmt"/>
        <line num="36" count="0" type="stmt"/>
        <line num="38" count="0" type="stmt"/>
        <line num="40" count="4" type="stmt"/>
      </file>
    </package>
    <package name="twitter-clone-client.src.redux.sagas">
      <metrics statements="59" coveredstatements="1" conditionals="36" coveredconditionals="0" methods="11" coveredmethods="1"/>
      <file name="index.js" path="/Users/adryo/workspace/mum/mpp/TwitterClone/twitter-clone-client/src/redux/sagas/index.js">
        <metrics statements="1" coveredstatements="1" conditionals="0" coveredconditionals="0" methods="1" coveredmethods="1"/>
        <line num="6" count="1" type="stmt"/>
      </file>
      <file name="tweets.js" path="/Users/adryo/workspace/mum/mpp/TwitterClone/twitter-clone-client/src/redux/sagas/tweets.js">
        <metrics statements="20" coveredstatements="0" conditionals="14" coveredconditionals="0" methods="4" coveredmethods="0"/>
        <line num="7" count="0" type="stmt"/>
        <line num="8" count="0" type="stmt"/>
        <line num="9" count="0" type="stmt"/>
        <line num="11" count="0" type="cond" truecount="0" falsecount="2"/>
        <line num="13" count="0" type="stmt"/>
        <line num="14" count="0" type="cond" truecount="0" falsecount="4"/>
        <line num="15" count="0" type="stmt"/>
        <line num="18" count="0" type="stmt"/>
        <line num="23" count="0" type="stmt"/>
        <line num="24" count="0" type="stmt"/>
        <line num="25" count="0" type="stmt"/>
        <line num="26" count="0" type="stmt"/>
        <line num="27" count="0" type="stmt"/>
        <line num="28" count="0" type="cond" truecount="0" falsecount="2"/>
        <line num="31" count="0" type="stmt"/>
        <line num="32" count="0" type="cond" truecount="0" falsecount="2"/>
        <line num="33" count="0" type="stmt"/>
        <line num="34" count="0" type="cond" truecount="0" falsecount="4"/>
        <line num="35" count="0" type="stmt"/>
        <line num="38" count="0" type="stmt"/>
      </file>
      <file name="user.js" path="/Users/adryo/workspace/mum/mpp/TwitterClone/twitter-clone-client/src/redux/sagas/user.js">
        <metrics statements="38" coveredstatements="0" conditionals="22" coveredconditionals="0" methods="6" coveredmethods="0"/>
        <line num="6" count="0" type="stmt"/>
        <line num="7" count="0" type="stmt"/>
        <line num="8" count="0" type="stmt"/>
        <line num="13" count="0" type="stmt"/>
        <line num="15" count="0" type="stmt"/>
        <line num="16" count="0" type="cond" truecount="0" falsecount="4"/>
        <line num="17" count="0" type="stmt"/>
        <line num="20" count="0" type="stmt"/>
        <line num="25" count="0" type="stmt"/>
        <line num="26" count="0" type="stmt"/>
        <line num="27" count="0" type="stmt"/>
        <line num="33" count="0" type="stmt"/>
        <line num="35" count="0" type="stmt"/>
        <line num="36" count="0" type="cond" truecount="0" falsecount="4"/>
        <line num="37" count="0" type="stmt"/>
        <line num="40" count="0" type="stmt"/>
        <line num="45" count="0" type="stmt"/>
        <line num="49" count="0" type="stmt"/>
        <line num="50" count="0" type="stmt"/>
        <line num="54" count="0" type="stmt"/>
        <line num="56" count="0" type="cond" truecount="0" falsecount="2"/>
        <line num="57" count="0" type="stmt"/>
        <line num="60" count="0" type="stmt"/>
        <line num="61" count="0" type="cond" truecount="0" falsecount="4"/>
        <line num="62" count="0" type="stmt"/>
        <line num="65" count="0" type="stmt"/>
        <line num="70" count="0" type="stmt"/>
        <line num="71" count="0" type="stmt"/>
        <line num="77" count="0" type="stmt"/>
        <line num="79" count="0" type="stmt"/>
        <line num="80" count="0" type="cond" truecount="0" falsecount="4"/>
        <line num="81" count="0" type="stmt"/>
        <line num="87" count="0" type="stmt"/>
        <line num="88" count="0" type="stmt"/>
        <line num="91" count="0" type="stmt"/>
        <line num="93" count="0" type="stmt"/>
        <line num="94" count="0" type="cond" truecount="0" falsecount="4"/>
        <line num="95" count="0" type="stmt"/>
      </file>
    </package>
    <package name="twitter-clone-client.src.redux.services">
      <metrics statements="16" coveredstatements="3" conditionals="7" coveredconditionals="0" methods="11" coveredmethods="1"/>
      <file name="tweet.service.js" path="/Users/adryo/workspace/mum/mpp/TwitterClone/twitter-clone-client/src/redux/services/tweet.service.js">
        <metrics statements="3" coveredstatements="1" conditionals="0" coveredconditionals="0" methods="3" coveredmethods="1"/>
        <line num="5" count="2" type="stmt"/>
        <line num="9" count="0" type="stmt"/>
        <line num="13" count="0" type="stmt"/>
      </file>
      <file name="tweet.service.mock.js" path="/Users/adryo/workspace/mum/mpp/TwitterClone/twitter-clone-client/src/redux/services/tweet.service.mock.js">
        <metrics statements="13" coveredstatements="2" conditionals="7" coveredconditionals="0" methods="3" coveredmethods="0"/>
        <line num="7" count="1" type="stmt"/>
        <line num="8" count="1" type="stmt"/>
        <line num="12" count="0" type="stmt"/>
        <line num="16" count="0" type="stmt"/>
        <line num="18" count="0" type="stmt"/>
        <line num="22" count="0" type="cond" truecount="0" falsecount="5"/>
        <line num="24" count="0" type="stmt"/>
        <line num="25" count="0" type="stmt"/>
        <line num="26" count="0" type="cond" truecount="0" falsecount="2"/>
        <line num="29" count="0" type="stmt"/>
        <line num="32" count="0" type="stmt"/>
        <line num="33" count="0" type="stmt"/>
        <line num="34" count="0" type="stmt"/>
      </file>
      <file name="user.service.js" path="/Users/adryo/workspace/mum/mpp/TwitterClone/twitter-clone-client/src/redux/services/user.service.js">
        <metrics statements="0" coveredstatements="0" conditionals="0" coveredconditionals="0" methods="5" coveredmethods="0"/>
      </file>
    </package>
    <package name="twitter-clone-client.src.redux.store">
      <metrics statements="8" coveredstatements="7" conditionals="0" coveredconditionals="0" methods="3" coveredmethods="2"/>
      <file name="index.js" path="/Users/adryo/workspace/mum/mpp/TwitterClone/twitter-clone-client/src/redux/store/index.js">
        <metrics statements="7" coveredstatements="6" conditionals="0" coveredconditionals="0" methods="3" coveredmethods="2"/>
        <line num="8" count="1" type="stmt"/>
        <line num="14" count="1" type="stmt"/>
        <line num="16" count="1" type="stmt"/>
        <line num="17" count="1" type="stmt"/>
        <line num="23" count="3" type="stmt"/>
        <line num="24" count="0" type="stmt"/>
        <line num="25" count="1" type="stmt"/>
      </file>
      <file name="storage.js" path="/Users/adryo/workspace/mum/mpp/TwitterClone/twitter-clone-client/src/redux/store/storage.js">
        <metrics statements="1" coveredstatements="1" conditionals="0" coveredconditionals="0" methods="0" coveredmethods="0"/>
        <line num="3" count="1" type="stmt"/>
      </file>
    </package>
    <package name="twitter-clone-client.src.screens.profile">
      <metrics statements="15" coveredstatements="10" conditionals="20" coveredconditionals="18" methods="7" coveredmethods="2"/>
      <file name="ProfileScreen.js" path="/Users/adryo/workspace/mum/mpp/TwitterClone/twitter-clone-client/src/screens/profile/ProfileScreen.js">
        <metrics statements="15" coveredstatements="10" conditionals="20" coveredconditionals="18" methods="7" coveredmethods="2"/>
        <line num="10" count="1" type="stmt"/>
        <line num="11" count="0" type="stmt"/>
        <line num="16" count="1" type="stmt"/>
        <line num="17" count="0" type="stmt"/>
        <line num="22" count="2" type="stmt"/>
        <line num="23" count="2" type="cond" truecount="4" falsecount="0"/>
        <line num="24" count="1" type="stmt"/>
        <line num="34" count="1" type="stmt"/>
        <line num="51" count="2" type="stmt"/>
        <line num="52" count="2" type="stmt"/>
        <line num="97" count="1" type="stmt"/>
        <line num="98" count="0" type="stmt"/>
        <line num="99" count="0" type="cond" truecount="0" falsecount="2"/>
        <line num="102" count="1" type="stmt"/>
        <line num="135" count="0" type="stmt"/>
      </file>
    </package>
  </project>
</coverage>
