{"/Users/adryo/workspace/mum/mpp/TwitterClone/twitter-clone-client/App.js": {"path":"/Users/adryo/workspace/mum/mpp/TwitterClone/twitter-clone-client/App.js","statementMap":{"0":{"start":{"line":22,"column":18},"end":{"line":22,"column":50}},"1":{"start":{"line":24,"column":0},"end":{"line":24,"column":42}},"2":{"start":{"line":27,"column":50},"end":{"line":27,"column":65}},"3":{"start":{"line":30,"column":2},"end":{"line":45,"column":3}},"4":{"start":{"line":31,"column":4},"end":{"line":37,"column":6}},"5":{"start":{"line":35,"column":24},"end":{"line":35,"column":63}},"6":{"start":{"line":39,"column":4},"end":{"line":44,"column":6}},"7":{"start":{"line":47,"column":2},"end":{"line":57,"column":4}},"8":{"start":{"line":61,"column":2},"end":{"line":70,"column":5}},"9":{"start":{"line":76,"column":2},"end":{"line":76,"column":22}},"10":{"start":{"line":80,"column":2},"end":{"line":80,"column":27}},"11":{"start":{"line":83,"column":15},"end":{"line":88,"column":2}}},"fnMap":{"0":{"name":"App","decl":{"start":{"line":26,"column":24},"end":{"line":26,"column":27}},"loc":{"start":{"line":26,"column":35},"end":{"line":58,"column":1}},"line":26},"1":{"name":"(anonymous_1)","decl":{"start":{"line":35,"column":18},"end":{"line":35,"column":19}},"loc":{"start":{"line":35,"column":24},"end":{"line":35,"column":63}},"line":35},"2":{"name":"loadResourcesAsync","decl":{"start":{"line":60,"column":15},"end":{"line":60,"column":33}},"loc":{"start":{"line":60,"column":36},"end":{"line":71,"column":1}},"line":60},"3":{"name":"handleLoadingError","decl":{"start":{"line":73,"column":9},"end":{"line":73,"column":27}},"loc":{"start":{"line":73,"column":35},"end":{"line":77,"column":1}},"line":73},"4":{"name":"handleFinishLoading","decl":{"start":{"line":79,"column":9},"end":{"line":79,"column":28}},"loc":{"start":{"line":79,"column":49},"end":{"line":81,"column":1}},"line":79}},"branchMap":{"0":{"loc":{"start":{"line":30,"column":2},"end":{"line":45,"column":3}},"type":"if","locations":[{"start":{"line":30,"column":2},"end":{"line":45,"column":3}},{"start":{"line":30,"column":2},"end":{"line":45,"column":3}}],"line":30},"1":{"loc":{"start":{"line":30,"column":6},"end":{"line":30,"column":52}},"type":"binary-expr","locations":[{"start":{"line":30,"column":6},"end":{"line":30,"column":24}},{"start":{"line":30,"column":28},"end":{"line":30,"column":52}}],"line":30},"2":{"loc":{"start":{"line":41,"column":9},"end":{"line":41,"column":66}},"type":"binary-expr","locations":[{"start":{"line":41,"column":9},"end":{"line":41,"column":30}},{"start":{"line":41,"column":34},"end":{"line":41,"column":66}}],"line":41}},"s":{"0":1,"1":1,"2":2,"3":2,"4":1,"5":0,"6":1,"7":2,"8":0,"9":0,"10":0,"11":1},"f":{"0":2,"1":0,"2":0,"3":0,"4":0},"b":{"0":[1,1],"1":[2,2],"2":[1,1]},"_coverageSchema":"43e27e138ebf9cfc5966b082cf9a028302ed4184","hash":"5abf1dce4fe1ec55e121c2a8436851d44ba8b0ee"}
,"/Users/adryo/workspace/mum/mpp/TwitterClone/twitter-clone-client/src/components/RoundButton.js": {"path":"/Users/adryo/workspace/mum/mpp/TwitterClone/twitter-clone-client/src/components/RoundButton.js","statementMap":{"0":{"start":{"line":3,"column":26},"end":{"line":3,"column":124}}},"fnMap":{"0":{"name":"(anonymous_0)","decl":{"start":{"line":3,"column":15},"end":{"line":3,"column":16}},"loc":{"start":{"line":3,"column":26},"end":{"line":3,"column":124}},"line":3}},"branchMap":{},"s":{"0":1},"f":{"0":1},"b":{},"_coverageSchema":"43e27e138ebf9cfc5966b082cf9a028302ed4184","hash":"8e02d8cd6889d20b72816e2f37371aca87b8d79c"}
,"/Users/adryo/workspace/mum/mpp/TwitterClone/twitter-clone-client/src/components/StyledText.js": {"path":"/Users/adryo/workspace/mum/mpp/TwitterClone/twitter-clone-client/src/components/StyledText.js","statementMap":{"0":{"start":{"line":5,"column":2},"end":{"line":7,"column":4}}},"fnMap":{"0":{"name":"MonoText","decl":{"start":{"line":4,"column":16},"end":{"line":4,"column":24}},"loc":{"start":{"line":4,"column":32},"end":{"line":8,"column":1}},"line":4}},"branchMap":{},"s":{"0":1},"f":{"0":1},"b":{},"_coverageSchema":"43e27e138ebf9cfc5966b082cf9a028302ed4184","hash":"bbcefbda39749c25438513504361295e355cf95a"}
,"/Users/adryo/workspace/mum/mpp/TwitterClone/twitter-clone-client/src/components/TabBarIcon.js": {"path":"/Users/adryo/workspace/mum/mpp/TwitterClone/twitter-clone-client/src/components/TabBarIcon.js","statementMap":{"0":{"start":{"line":7,"column":2},"end":{"line":14,"column":4}}},"fnMap":{"0":{"name":"TabBarIcon","decl":{"start":{"line":6,"column":24},"end":{"line":6,"column":34}},"loc":{"start":{"line":6,"column":42},"end":{"line":15,"column":1}},"line":6}},"branchMap":{"0":{"loc":{"start":{"line":12,"column":13},"end":{"line":12,"column":75}},"type":"cond-expr","locations":[{"start":{"line":12,"column":29},"end":{"line":12,"column":51}},{"start":{"line":12,"column":54},"end":{"line":12,"column":75}}],"line":12}},"s":{"0":0},"f":{"0":0},"b":{"0":[0,0]},"_coverageSchema":"43e27e138ebf9cfc5966b082cf9a028302ed4184","hash":"7dad05d0dae7915a5c6a4d40827be846fc9d3677"}
,"/Users/adryo/workspace/mum/mpp/TwitterClone/twitter-clone-client/src/constants/Colors.js": {"path":"/Users/adryo/workspace/mum/mpp/TwitterClone/twitter-clone-client/src/constants/Colors.js","statementMap":{"0":{"start":{"line":1,"column":18},"end":{"line":1,"column":27}}},"fnMap":{},"branchMap":{},"s":{"0":1},"f":{},"b":{},"_coverageSchema":"43e27e138ebf9cfc5966b082cf9a028302ed4184","hash":"f868645ecf004583c6e7febee77ad78dc0757482"}
,"/Users/adryo/workspace/mum/mpp/TwitterClone/twitter-clone-client/src/redux/actions/tweets.js": {"path":"/Users/adryo/workspace/mum/mpp/TwitterClone/twitter-clone-client/src/redux/actions/tweets.js","statementMap":{},"fnMap":{},"branchMap":{},"s":{},"f":{},"b":{},"_coverageSchema":"43e27e138ebf9cfc5966b082cf9a028302ed4184","hash":"8ddad2a3e6763ebddb8cc1f1f7012ffba87eb791"}
,"/Users/adryo/workspace/mum/mpp/TwitterClone/twitter-clone-client/src/redux/actions/user.js": {"path":"/Users/adryo/workspace/mum/mpp/TwitterClone/twitter-clone-client/src/redux/actions/user.js","statementMap":{},"fnMap":{},"branchMap":{},"s":{},"f":{},"b":{},"_coverageSchema":"43e27e138ebf9cfc5966b082cf9a028302ed4184","hash":"f35c153bd37cbb7c7468ec59ce870b05a57b02ad"}
,"/Users/adryo/workspace/mum/mpp/TwitterClone/twitter-clone-client/src/redux/reducers/index.js": {"path":"/Users/adryo/workspace/mum/mpp/TwitterClone/twitter-clone-client/src/redux/reducers/index.js","statementMap":{"0":{"start":{"line":5,"column":19},"end":{"line":8,"column":2}},"1":{"start":{"line":11,"column":4},"end":{"line":11,"column":37}}},"fnMap":{"0":{"name":"(anonymous_0)","decl":{"start":{"line":10,"column":15},"end":{"line":10,"column":16}},"loc":{"start":{"line":10,"column":34},"end":{"line":12,"column":1}},"line":10}},"branchMap":{},"s":{"0":1,"1":2},"f":{"0":2},"b":{},"_coverageSchema":"43e27e138ebf9cfc5966b082cf9a028302ed4184","hash":"c4096a66a2e79319d0b9f009696d7dd27f22e491"}
,"/Users/adryo/workspace/mum/mpp/TwitterClone/twitter-clone-client/src/redux/reducers/tweets.js": {"path":"/Users/adryo/workspace/mum/mpp/TwitterClone/twitter-clone-client/src/redux/reducers/tweets.js","statementMap":{"0":{"start":{"line":3,"column":21},"end":{"line":7,"column":1}},"1":{"start":{"line":10,"column":4},"end":{"line":25,"column":5}},"2":{"start":{"line":12,"column":12},"end":{"line":12,"column":65}},"3":{"start":{"line":14,"column":12},"end":{"line":14,"column":89}},"4":{"start":{"line":16,"column":12},"end":{"line":16,"column":69}},"5":{"start":{"line":18,"column":12},"end":{"line":18,"column":74}},"6":{"start":{"line":20,"column":12},"end":{"line":20,"column":74}},"7":{"start":{"line":22,"column":16},"end":{"line":22,"column":73}},"8":{"start":{"line":24,"column":12},"end":{"line":24,"column":25}}},"fnMap":{"0":{"name":"(anonymous_0)","decl":{"start":{"line":9,"column":15},"end":{"line":9,"column":16}},"loc":{"start":{"line":9,"column":49},"end":{"line":26,"column":1}},"line":9}},"branchMap":{"0":{"loc":{"start":{"line":9,"column":16},"end":{"line":9,"column":36}},"type":"default-arg","locations":[{"start":{"line":9,"column":24},"end":{"line":9,"column":36}}],"line":9},"1":{"loc":{"start":{"line":10,"column":4},"end":{"line":25,"column":5}},"type":"switch","locations":[{"start":{"line":11,"column":8},"end":{"line":12,"column":65}},{"start":{"line":13,"column":8},"end":{"line":14,"column":89}},{"start":{"line":15,"column":8},"end":{"line":16,"column":69}},{"start":{"line":17,"column":8},"end":{"line":18,"column":74}},{"start":{"line":19,"column":8},"end":{"line":20,"column":74}},{"start":{"line":21,"column":8},"end":{"line":22,"column":73}},{"start":{"line":23,"column":8},"end":{"line":24,"column":25}}],"line":10}},"s":{"0":1,"1":4,"2":0,"3":0,"4":0,"5":0,"6":0,"7":0,"8":4},"f":{"0":4},"b":{"0":[3],"1":[0,0,0,0,0,0,4]},"_coverageSchema":"43e27e138ebf9cfc5966b082cf9a028302ed4184","hash":"6f8e7cc3840416f0f3f30a9bb3d8dc7ab588cdd7"}
,"/Users/adryo/workspace/mum/mpp/TwitterClone/twitter-clone-client/src/redux/reducers/user.js": {"path":"/Users/adryo/workspace/mum/mpp/TwitterClone/twitter-clone-client/src/redux/reducers/user.js","statementMap":{"0":{"start":{"line":3,"column":28},"end":{"line":11,"column":1}},"1":{"start":{"line":20,"column":2},"end":{"line":41,"column":3}},"2":{"start":{"line":22,"column":6},"end":{"line":22,"column":41}},"3":{"start":{"line":24,"column":6},"end":{"line":24,"column":58}},"4":{"start":{"line":26,"column":6},"end":{"line":26,"column":63}},"5":{"start":{"line":28,"column":6},"end":{"line":28,"column":41}},"6":{"start":{"line":30,"column":6},"end":{"line":30,"column":58}},"7":{"start":{"line":32,"column":6},"end":{"line":32,"column":63}},"8":{"start":{"line":34,"column":6},"end":{"line":34,"column":41}},"9":{"start":{"line":36,"column":6},"end":{"line":36,"column":58}},"10":{"start":{"line":38,"column":6},"end":{"line":38,"column":63}},"11":{"start":{"line":40,"column":6},"end":{"line":40,"column":19}}},"fnMap":{"0":{"name":"(anonymous_0)","decl":{"start":{"line":19,"column":15},"end":{"line":19,"column":16}},"loc":{"start":{"line":19,"column":49},"end":{"line":42,"column":1}},"line":19}},"branchMap":{"0":{"loc":{"start":{"line":19,"column":16},"end":{"line":19,"column":36}},"type":"default-arg","locations":[{"start":{"line":19,"column":24},"end":{"line":19,"column":36}}],"line":19},"1":{"loc":{"start":{"line":20,"column":2},"end":{"line":41,"column":3}},"type":"switch","locations":[{"start":{"line":21,"column":4},"end":{"line":22,"column":41}},{"start":{"line":23,"column":4},"end":{"line":24,"column":58}},{"start":{"line":25,"column":4},"end":{"line":26,"column":63}},{"start":{"line":27,"column":4},"end":{"line":28,"column":41}},{"start":{"line":29,"column":4},"end":{"line":30,"column":58}},{"start":{"line":31,"column":4},"end":{"line":32,"column":63}},{"start":{"line":33,"column":4},"end":{"line":34,"column":41}},{"start":{"line":35,"column":4},"end":{"line":36,"column":58}},{"start":{"line":37,"column":4},"end":{"line":38,"column":63}},{"start":{"line":39,"column":4},"end":{"line":40,"column":19}}],"line":20}},"s":{"0":1,"1":4,"2":0,"3":0,"4":0,"5":0,"6":0,"7":0,"8":0,"9":0,"10":0,"11":4},"f":{"0":4},"b":{"0":[3],"1":[0,0,0,0,0,0,0,0,0,4]},"_coverageSchema":"43e27e138ebf9cfc5966b082cf9a028302ed4184","hash":"ccb50f9febe8e84ac7da122f1b11c374a90b56b9"}
,"/Users/adryo/workspace/mum/mpp/TwitterClone/twitter-clone-client/src/redux/sagas/index.js": {"path":"/Users/adryo/workspace/mum/mpp/TwitterClone/twitter-clone-client/src/redux/sagas/index.js","statementMap":{"0":{"start":{"line":6,"column":4},"end":{"line":9,"column":6}}},"fnMap":{"0":{"name":"rootSaga","decl":{"start":{"line":5,"column":25},"end":{"line":5,"column":33}},"loc":{"start":{"line":5,"column":36},"end":{"line":10,"column":3}},"line":5}},"branchMap":{},"s":{"0":1},"f":{"0":1},"b":{},"_coverageSchema":"43e27e138ebf9cfc5966b082cf9a028302ed4184","hash":"0bacfea059bd11502ecc2dd4a262566bce85dff2"}
,"/Users/adryo/workspace/mum/mpp/TwitterClone/twitter-clone-client/src/redux/sagas/tweets.js": {"path":"/Users/adryo/workspace/mum/mpp/TwitterClone/twitter-clone-client/src/redux/sagas/tweets.js","statementMap":{"0":{"start":{"line":7,"column":4},"end":{"line":7,"column":54}},"1":{"start":{"line":8,"column":4},"end":{"line":19,"column":5}},"2":{"start":{"line":9,"column":21},"end":{"line":9,"column":59}},"3":{"start":{"line":11,"column":8},"end":{"line":11,"column":129}},"4":{"start":{"line":11,"column":86},"end":{"line":11,"column":124}},"5":{"start":{"line":13,"column":27},"end":{"line":13,"column":56}},"6":{"start":{"line":14,"column":8},"end":{"line":16,"column":9}},"7":{"start":{"line":15,"column":12},"end":{"line":15,"column":41}},"8":{"start":{"line":18,"column":8},"end":{"line":18,"column":76}},"9":{"start":{"line":23,"column":4},"end":{"line":23,"column":57}},"10":{"start":{"line":24,"column":4},"end":{"line":24,"column":24}},"11":{"start":{"line":25,"column":4},"end":{"line":39,"column":5}},"12":{"start":{"line":26,"column":21},"end":{"line":26,"column":73}},"13":{"start":{"line":27,"column":8},"end":{"line":27,"column":33}},"14":{"start":{"line":28,"column":8},"end":{"line":28,"column":132}},"15":{"start":{"line":28,"column":89},"end":{"line":28,"column":127}},"16":{"start":{"line":31,"column":27},"end":{"line":31,"column":56}},"17":{"start":{"line":32,"column":8},"end":{"line":36,"column":9}},"18":{"start":{"line":33,"column":12},"end":{"line":33,"column":71}},"19":{"start":{"line":34,"column":15},"end":{"line":36,"column":9}},"20":{"start":{"line":35,"column":12},"end":{"line":35,"column":41}},"21":{"start":{"line":38,"column":8},"end":{"line":38,"column":79}}},"fnMap":{"0":{"name":"items","decl":{"start":{"line":6,"column":10},"end":{"line":6,"column":15}},"loc":{"start":{"line":6,"column":24},"end":{"line":20,"column":1}},"line":6},"1":{"name":"(anonymous_1)","decl":{"start":{"line":11,"column":71},"end":{"line":11,"column":72}},"loc":{"start":{"line":11,"column":86},"end":{"line":11,"column":124}},"line":11},"2":{"name":"searchItems","decl":{"start":{"line":22,"column":10},"end":{"line":22,"column":21}},"loc":{"start":{"line":22,"column":30},"end":{"line":40,"column":1}},"line":22},"3":{"name":"(anonymous_3)","decl":{"start":{"line":28,"column":74},"end":{"line":28,"column":75}},"loc":{"start":{"line":28,"column":89},"end":{"line":28,"column":127}},"line":28}},"branchMap":{"0":{"loc":{"start":{"line":11,"column":86},"end":{"line":11,"column":124}},"type":"cond-expr","locations":[{"start":{"line":11,"column":97},"end":{"line":11,"column":117}},{"start":{"line":11,"column":120},"end":{"line":11,"column":124}}],"line":11},"1":{"loc":{"start":{"line":14,"column":8},"end":{"line":16,"column":9}},"type":"if","locations":[{"start":{"line":14,"column":8},"end":{"line":16,"column":9}},{"start":{"line":14,"column":8},"end":{"line":16,"column":9}}],"line":14},"2":{"loc":{"start":{"line":14,"column":12},"end":{"line":14,"column":34}},"type":"binary-expr","locations":[{"start":{"line":14,"column":12},"end":{"line":14,"column":17}},{"start":{"line":14,"column":21},"end":{"line":14,"column":34}}],"line":14},"3":{"loc":{"start":{"line":28,"column":89},"end":{"line":28,"column":127}},"type":"cond-expr","locations":[{"start":{"line":28,"column":100},"end":{"line":28,"column":120}},{"start":{"line":28,"column":123},"end":{"line":28,"column":127}}],"line":28},"4":{"loc":{"start":{"line":32,"column":8},"end":{"line":36,"column":9}},"type":"if","locations":[{"start":{"line":32,"column":8},"end":{"line":36,"column":9}},{"start":{"line":32,"column":8},"end":{"line":36,"column":9}}],"line":32},"5":{"loc":{"start":{"line":34,"column":15},"end":{"line":36,"column":9}},"type":"if","locations":[{"start":{"line":34,"column":15},"end":{"line":36,"column":9}},{"start":{"line":34,"column":15},"end":{"line":36,"column":9}}],"line":34},"6":{"loc":{"start":{"line":34,"column":19},"end":{"line":34,"column":41}},"type":"binary-expr","locations":[{"start":{"line":34,"column":19},"end":{"line":34,"column":24}},{"start":{"line":34,"column":28},"end":{"line":34,"column":41}}],"line":34}},"s":{"0":0,"1":0,"2":0,"3":0,"4":0,"5":0,"6":0,"7":0,"8":0,"9":0,"10":0,"11":0,"12":0,"13":0,"14":0,"15":0,"16":0,"17":0,"18":0,"19":0,"20":0,"21":0},"f":{"0":0,"1":0,"2":0,"3":0},"b":{"0":[0,0],"1":[0,0],"2":[0,0],"3":[0,0],"4":[0,0],"5":[0,0],"6":[0,0]},"_coverageSchema":"43e27e138ebf9cfc5966b082cf9a028302ed4184","hash":"624590427552bf0d839649f9c02f8d24fcec9676"}
,"/Users/adryo/workspace/mum/mpp/TwitterClone/twitter-clone-client/src/redux/sagas/user.js": {"path":"/Users/adryo/workspace/mum/mpp/TwitterClone/twitter-clone-client/src/redux/sagas/user.js","statementMap":{"0":{"start":{"line":6,"column":4},"end":{"line":6,"column":49}},"1":{"start":{"line":7,"column":4},"end":{"line":21,"column":5}},"2":{"start":{"line":8,"column":21},"end":{"line":11,"column":10}},"3":{"start":{"line":13,"column":8},"end":{"line":13,"column":92}},"4":{"start":{"line":15,"column":27},"end":{"line":15,"column":74}},"5":{"start":{"line":16,"column":8},"end":{"line":18,"column":9}},"6":{"start":{"line":17,"column":12},"end":{"line":17,"column":40}},"7":{"start":{"line":20,"column":8},"end":{"line":20,"column":71}},"8":{"start":{"line":25,"column":4},"end":{"line":25,"column":52}},"9":{"start":{"line":26,"column":4},"end":{"line":41,"column":5}},"10":{"start":{"line":27,"column":21},"end":{"line":31,"column":10}},"11":{"start":{"line":33,"column":8},"end":{"line":33,"column":87}},"12":{"start":{"line":35,"column":27},"end":{"line":35,"column":86}},"13":{"start":{"line":36,"column":8},"end":{"line":38,"column":9}},"14":{"start":{"line":37,"column":12},"end":{"line":37,"column":40}},"15":{"start":{"line":40,"column":8},"end":{"line":40,"column":74}},"16":{"start":{"line":45,"column":4},"end":{"line":45,"column":50}},"17":{"start":{"line":49,"column":4},"end":{"line":66,"column":5}},"18":{"start":{"line":50,"column":21},"end":{"line":52,"column":10}},"19":{"start":{"line":54,"column":19},"end":{"line":54,"column":26}},"20":{"start":{"line":56,"column":8},"end":{"line":58,"column":9}},"21":{"start":{"line":57,"column":12},"end":{"line":57,"column":67}},"22":{"start":{"line":60,"column":27},"end":{"line":60,"column":53}},"23":{"start":{"line":61,"column":8},"end":{"line":63,"column":9}},"24":{"start":{"line":62,"column":12},"end":{"line":62,"column":40}},"25":{"start":{"line":65,"column":8},"end":{"line":65,"column":81}},"26":{"start":{"line":70,"column":4},"end":{"line":83,"column":5}},"27":{"start":{"line":71,"column":21},"end":{"line":75,"column":10}},"28":{"start":{"line":77,"column":8},"end":{"line":77,"column":84}},"29":{"start":{"line":79,"column":27},"end":{"line":79,"column":49}},"30":{"start":{"line":80,"column":8},"end":{"line":82,"column":9}},"31":{"start":{"line":81,"column":12},"end":{"line":81,"column":40}},"32":{"start":{"line":87,"column":4},"end":{"line":97,"column":5}},"33":{"start":{"line":88,"column":21},"end":{"line":90,"column":10}},"34":{"start":{"line":91,"column":8},"end":{"line":91,"column":61}},"35":{"start":{"line":93,"column":27},"end":{"line":93,"column":49}},"36":{"start":{"line":94,"column":8},"end":{"line":96,"column":9}},"37":{"start":{"line":95,"column":12},"end":{"line":95,"column":40}}},"fnMap":{"0":{"name":"login","decl":{"start":{"line":5,"column":10},"end":{"line":5,"column":15}},"loc":{"start":{"line":5,"column":24},"end":{"line":22,"column":1}},"line":5},"1":{"name":"register","decl":{"start":{"line":24,"column":10},"end":{"line":24,"column":18}},"loc":{"start":{"line":24,"column":27},"end":{"line":42,"column":1}},"line":24},"2":{"name":"logout","decl":{"start":{"line":44,"column":10},"end":{"line":44,"column":16}},"loc":{"start":{"line":44,"column":19},"end":{"line":46,"column":1}},"line":44},"3":{"name":"forgotPassword","decl":{"start":{"line":48,"column":10},"end":{"line":48,"column":24}},"loc":{"start":{"line":48,"column":33},"end":{"line":67,"column":1}},"line":48},"4":{"name":"resetPassword","decl":{"start":{"line":69,"column":10},"end":{"line":69,"column":23}},"loc":{"start":{"line":69,"column":32},"end":{"line":84,"column":1}},"line":69},"5":{"name":"updateSelf","decl":{"start":{"line":86,"column":10},"end":{"line":86,"column":20}},"loc":{"start":{"line":86,"column":29},"end":{"line":98,"column":1}},"line":86}},"branchMap":{"0":{"loc":{"start":{"line":16,"column":8},"end":{"line":18,"column":9}},"type":"if","locations":[{"start":{"line":16,"column":8},"end":{"line":18,"column":9}},{"start":{"line":16,"column":8},"end":{"line":18,"column":9}}],"line":16},"1":{"loc":{"start":{"line":16,"column":12},"end":{"line":16,"column":34}},"type":"binary-expr","locations":[{"start":{"line":16,"column":12},"end":{"line":16,"column":17}},{"start":{"line":16,"column":21},"end":{"line":16,"column":34}}],"line":16},"2":{"loc":{"start":{"line":36,"column":8},"end":{"line":38,"column":9}},"type":"if","locations":[{"start":{"line":36,"column":8},"end":{"line":38,"column":9}},{"start":{"line":36,"column":8},"end":{"line":38,"column":9}}],"line":36},"3":{"loc":{"start":{"line":36,"column":12},"end":{"line":36,"column":34}},"type":"binary-expr","locations":[{"start":{"line":36,"column":12},"end":{"line":36,"column":17}},{"start":{"line":36,"column":21},"end":{"line":36,"column":34}}],"line":36},"4":{"loc":{"start":{"line":56,"column":8},"end":{"line":58,"column":9}},"type":"if","locations":[{"start":{"line":56,"column":8},"end":{"line":58,"column":9}},{"start":{"line":56,"column":8},"end":{"line":58,"column":9}}],"line":56},"5":{"loc":{"start":{"line":61,"column":8},"end":{"line":63,"column":9}},"type":"if","locations":[{"start":{"line":61,"column":8},"end":{"line":63,"column":9}},{"start":{"line":61,"column":8},"end":{"line":63,"column":9}}],"line":61},"6":{"loc":{"start":{"line":61,"column":12},"end":{"line":61,"column":34}},"type":"binary-expr","locations":[{"start":{"line":61,"column":12},"end":{"line":61,"column":17}},{"start":{"line":61,"column":21},"end":{"line":61,"column":34}}],"line":61},"7":{"loc":{"start":{"line":80,"column":8},"end":{"line":82,"column":9}},"type":"if","locations":[{"start":{"line":80,"column":8},"end":{"line":82,"column":9}},{"start":{"line":80,"column":8},"end":{"line":82,"column":9}}],"line":80},"8":{"loc":{"start":{"line":80,"column":12},"end":{"line":80,"column":34}},"type":"binary-expr","locations":[{"start":{"line":80,"column":12},"end":{"line":80,"column":17}},{"start":{"line":80,"column":21},"end":{"line":80,"column":34}}],"line":80},"9":{"loc":{"start":{"line":94,"column":8},"end":{"line":96,"column":9}},"type":"if","locations":[{"start":{"line":94,"column":8},"end":{"line":96,"column":9}},{"start":{"line":94,"column":8},"end":{"line":96,"column":9}}],"line":94},"10":{"loc":{"start":{"line":94,"column":12},"end":{"line":94,"column":34}},"type":"binary-expr","locations":[{"start":{"line":94,"column":12},"end":{"line":94,"column":17}},{"start":{"line":94,"column":21},"end":{"line":94,"column":34}}],"line":94}},"s":{"0":0,"1":0,"2":0,"3":0,"4":0,"5":0,"6":0,"7":0,"8":0,"9":0,"10":0,"11":0,"12":0,"13":0,"14":0,"15":0,"16":0,"17":0,"18":0,"19":0,"20":0,"21":0,"22":0,"23":0,"24":0,"25":0,"26":0,"27":0,"28":0,"29":0,"30":0,"31":0,"32":0,"33":0,"34":0,"35":0,"36":0,"37":0},"f":{"0":0,"1":0,"2":0,"3":0,"4":0,"5":0},"b":{"0":[0,0],"1":[0,0],"2":[0,0],"3":[0,0],"4":[0,0],"5":[0,0],"6":[0,0],"7":[0,0],"8":[0,0],"9":[0,0],"10":[0,0]},"_coverageSchema":"43e27e138ebf9cfc5966b082cf9a028302ed4184","hash":"a1b8513858bfcc311b9e45e38a029a23630665fa"}
,"/Users/adryo/workspace/mum/mpp/TwitterClone/twitter-clone-client/src/redux/services/tweet.service.js": {"path":"/Users/adryo/workspace/mum/mpp/TwitterClone/twitter-clone-client/src/redux/services/tweet.service.js","statementMap":{"0":{"start":{"line":5,"column":4},"end":{"line":5,"column":23}},"1":{"start":{"line":9,"column":4},"end":{"line":9,"column":38}},"2":{"start":{"line":13,"column":4},"end":{"line":13,"column":38}}},"fnMap":{"0":{"name":"(anonymous_0)","decl":{"start":{"line":4,"column":2},"end":{"line":4,"column":3}},"loc":{"start":{"line":4,"column":15},"end":{"line":6,"column":3}},"line":4},"1":{"name":"(anonymous_1)","decl":{"start":{"line":7,"column":2},"end":{"line":7,"column":3}},"loc":{"start":{"line":7,"column":19},"end":{"line":10,"column":3}},"line":7},"2":{"name":"(anonymous_2)","decl":{"start":{"line":12,"column":2},"end":{"line":12,"column":3}},"loc":{"start":{"line":12,"column":24},"end":{"line":14,"column":3}},"line":12}},"branchMap":{},"s":{"0":2,"1":0,"2":0},"f":{"0":2,"1":0,"2":0},"b":{},"_coverageSchema":"43e27e138ebf9cfc5966b082cf9a028302ed4184","hash":"eb754bbc7eec97defd3c238b899aa5da02902969"}
,"/Users/adryo/workspace/mum/mpp/TwitterClone/twitter-clone-client/src/redux/services/tweet.service.mock.js": {"path":"/Users/adryo/workspace/mum/mpp/TwitterClone/twitter-clone-client/src/redux/services/tweet.service.mock.js","statementMap":{"0":{"start":{"line":7,"column":22},"end":{"line":7,"column":25}},"1":{"start":{"line":8,"column":13},"end":{"line":8,"column":52}},"2":{"start":{"line":12,"column":4},"end":{"line":14,"column":7}},"3":{"start":{"line":16,"column":17},"end":{"line":16,"column":39}},"4":{"start":{"line":18,"column":4},"end":{"line":18,"column":28}},"5":{"start":{"line":22,"column":4},"end":{"line":30,"column":5}},"6":{"start":{"line":24,"column":6},"end":{"line":24,"column":54}},"7":{"start":{"line":25,"column":6},"end":{"line":27,"column":9}},"8":{"start":{"line":26,"column":37},"end":{"line":26,"column":97}},"9":{"start":{"line":29,"column":6},"end":{"line":29,"column":95}},"10":{"start":{"line":32,"column":17},"end":{"line":32,"column":45}},"11":{"start":{"line":33,"column":4},"end":{"line":33,"column":39}},"12":{"start":{"line":34,"column":4},"end":{"line":34,"column":28}}},"fnMap":{"0":{"name":"(anonymous_0)","decl":{"start":{"line":11,"column":2},"end":{"line":11,"column":3}},"loc":{"start":{"line":11,"column":20},"end":{"line":19,"column":3}},"line":11},"1":{"name":"(anonymous_1)","decl":{"start":{"line":21,"column":2},"end":{"line":21,"column":3}},"loc":{"start":{"line":21,"column":25},"end":{"line":35,"column":3}},"line":21},"2":{"name":"(anonymous_2)","decl":{"start":{"line":26,"column":29},"end":{"line":26,"column":30}},"loc":{"start":{"line":26,"column":37},"end":{"line":26,"column":97}},"line":26}},"branchMap":{"0":{"loc":{"start":{"line":22,"column":4},"end":{"line":30,"column":5}},"type":"if","locations":[{"start":{"line":22,"column":4},"end":{"line":30,"column":5}},{"start":{"line":22,"column":4},"end":{"line":30,"column":5}}],"line":22},"1":{"loc":{"start":{"line":22,"column":8},"end":{"line":22,"column":82}},"type":"binary-expr","locations":[{"start":{"line":22,"column":8},"end":{"line":22,"column":16}},{"start":{"line":22,"column":20},"end":{"line":22,"column":49}},{"start":{"line":22,"column":53},"end":{"line":22,"column":82}}],"line":22},"2":{"loc":{"start":{"line":26,"column":37},"end":{"line":26,"column":97}},"type":"binary-expr","locations":[{"start":{"line":26,"column":37},"end":{"line":26,"column":65}},{"start":{"line":26,"column":69},"end":{"line":26,"column":97}}],"line":26}},"s":{"0":1,"1":1,"2":0,"3":0,"4":0,"5":0,"6":0,"7":0,"8":0,"9":0,"10":0,"11":0,"12":0},"f":{"0":0,"1":0,"2":0},"b":{"0":[0,0],"1":[0,0,0],"2":[0,0]},"_coverageSchema":"43e27e138ebf9cfc5966b082cf9a028302ed4184","hash":"eeae2029e8db139c955b58a6c88654319d64da27"}
,"/Users/adryo/workspace/mum/mpp/TwitterClone/twitter-clone-client/src/redux/services/user.service.js": {"path":"/Users/adryo/workspace/mum/mpp/TwitterClone/twitter-clone-client/src/redux/services/user.service.js","statementMap":{},"fnMap":{"0":{"name":"(anonymous_0)","decl":{"start":{"line":3,"column":12},"end":{"line":3,"column":13}},"loc":{"start":{"line":3,"column":46},"end":{"line":5,"column":5}},"line":3},"1":{"name":"(anonymous_1)","decl":{"start":{"line":6,"column":12},"end":{"line":6,"column":13}},"loc":{"start":{"line":6,"column":46},"end":{"line":8,"column":5}},"line":6},"2":{"name":"(anonymous_2)","decl":{"start":{"line":9,"column":20},"end":{"line":9,"column":21}},"loc":{"start":{"line":9,"column":44},"end":{"line":11,"column":5}},"line":9},"3":{"name":"(anonymous_3)","decl":{"start":{"line":12,"column":19},"end":{"line":12,"column":20}},"loc":{"start":{"line":12,"column":69},"end":{"line":14,"column":5}},"line":12},"4":{"name":"(anonymous_4)","decl":{"start":{"line":15,"column":12},"end":{"line":15,"column":13}},"loc":{"start":{"line":15,"column":28},"end":{"line":17,"column":5}},"line":15}},"branchMap":{},"s":{},"f":{"0":0,"1":0,"2":0,"3":0,"4":0},"b":{},"_coverageSchema":"43e27e138ebf9cfc5966b082cf9a028302ed4184","hash":"cbbe815fb82205eb3f6e71caafdee85ae5cb0b19"}
,"/Users/adryo/workspace/mum/mpp/TwitterClone/twitter-clone-client/src/redux/store/index.js": {"path":"/Users/adryo/workspace/mum/mpp/TwitterClone/twitter-clone-client/src/redux/store/index.js","statementMap":{"0":{"start":{"line":8,"column":22},"end":{"line":12,"column":1}},"1":{"start":{"line":14,"column":25},"end":{"line":14,"column":63}},"2":{"start":{"line":16,"column":30},"end":{"line":16,"column":52}},"3":{"start":{"line":17,"column":21},"end":{"line":20,"column":1}},"4":{"start":{"line":23,"column":18},"end":{"line":23,"column":23}},"5":{"start":{"line":24,"column":18},"end":{"line":24,"column":34}},"6":{"start":{"line":25,"column":27},"end":{"line":25,"column":41}}},"fnMap":{"0":{"name":"(anonymous_0)","decl":{"start":{"line":23,"column":12},"end":{"line":23,"column":13}},"loc":{"start":{"line":23,"column":18},"end":{"line":23,"column":23}},"line":23},"1":{"name":"(anonymous_1)","decl":{"start":{"line":24,"column":12},"end":{"line":24,"column":13}},"loc":{"start":{"line":24,"column":18},"end":{"line":24,"column":34}},"line":24},"2":{"name":"(anonymous_2)","decl":{"start":{"line":25,"column":21},"end":{"line":25,"column":22}},"loc":{"start":{"line":25,"column":27},"end":{"line":25,"column":41}},"line":25}},"branchMap":{},"s":{"0":1,"1":1,"2":1,"3":1,"4":3,"5":0,"6":1},"f":{"0":3,"1":0,"2":1},"b":{},"_coverageSchema":"43e27e138ebf9cfc5966b082cf9a028302ed4184","hash":"26a24db9d406901de0afc2d8ec2a825feb3a7f42"}
,"/Users/adryo/workspace/mum/mpp/TwitterClone/twitter-clone-client/src/redux/store/storage.js": {"path":"/Users/adryo/workspace/mum/mpp/TwitterClone/twitter-clone-client/src/redux/store/storage.js","statementMap":{"0":{"start":{"line":3,"column":16},"end":{"line":3,"column":28}}},"fnMap":{},"branchMap":{},"s":{"0":1},"f":{},"b":{},"_coverageSchema":"43e27e138ebf9cfc5966b082cf9a028302ed4184","hash":"c5fd1fa4058d492310c55bb40c8d35b2f4a97015"}
,"/Users/adryo/workspace/mum/mpp/TwitterClone/twitter-clone-client/src/screens/profile/ProfileScreen.js": {"path":"/Users/adryo/workspace/mum/mpp/TwitterClone/twitter-clone-client/src/screens/profile/ProfileScreen.js","statementMap":{"0":{"start":{"line":10,"column":19},"end":{"line":14,"column":1}},"1":{"start":{"line":11,"column":4},"end":{"line":13,"column":11}},"2":{"start":{"line":16,"column":20},"end":{"line":18,"column":1}},"3":{"start":{"line":17,"column":4},"end":{"line":17,"column":35}},"4":{"start":{"line":22,"column":25},"end":{"line":22,"column":35}},"5":{"start":{"line":23,"column":8},"end":{"line":32,"column":9}},"6":{"start":{"line":24,"column":12},"end":{"line":31,"column":14}},"7":{"start":{"line":34,"column":8},"end":{"line":48,"column":10}},"8":{"start":{"line":51,"column":94},"end":{"line":51,"column":104}},"9":{"start":{"line":52,"column":8},"end":{"line":93,"column":10}},"10":{"start":{"line":97,"column":0},"end":{"line":100,"column":2}},"11":{"start":{"line":98,"column":22},"end":{"line":98,"column":84}},"12":{"start":{"line":99,"column":33},"end":{"line":99,"column":123}},"13":{"start":{"line":102,"column":15},"end":{"line":133,"column":2}},"14":{"start":{"line":135,"column":38},"end":{"line":135,"column":46}}},"fnMap":{"0":{"name":"(anonymous_0)","decl":{"start":{"line":10,"column":19},"end":{"line":10,"column":20}},"loc":{"start":{"line":11,"column":4},"end":{"line":13,"column":11}},"line":11},"1":{"name":"(anonymous_1)","decl":{"start":{"line":16,"column":20},"end":{"line":16,"column":21}},"loc":{"start":{"line":17,"column":4},"end":{"line":17,"column":35}},"line":17},"2":{"name":"(anonymous_2)","decl":{"start":{"line":21,"column":4},"end":{"line":21,"column":5}},"loc":{"start":{"line":21,"column":20},"end":{"line":49,"column":5}},"line":21},"3":{"name":"(anonymous_3)","decl":{"start":{"line":50,"column":4},"end":{"line":50,"column":5}},"loc":{"start":{"line":50,"column":13},"end":{"line":94,"column":5}},"line":50},"4":{"name":"(anonymous_4)","decl":{"start":{"line":98,"column":16},"end":{"line":98,"column":17}},"loc":{"start":{"line":98,"column":22},"end":{"line":98,"column":84}},"line":98},"5":{"name":"(anonymous_5)","decl":{"start":{"line":99,"column":16},"end":{"line":99,"column":17}},"loc":{"start":{"line":99,"column":33},"end":{"line":99,"column":123}},"line":99},"6":{"name":"(anonymous_6)","decl":{"start":{"line":135,"column":23},"end":{"line":135,"column":24}},"loc":{"start":{"line":135,"column":38},"end":{"line":135,"column":46}},"line":135}},"branchMap":{"0":{"loc":{"start":{"line":23,"column":8},"end":{"line":32,"column":9}},"type":"if","locations":[{"start":{"line":23,"column":8},"end":{"line":32,"column":9}},{"start":{"line":23,"column":8},"end":{"line":32,"column":9}}],"line":23},"1":{"loc":{"start":{"line":23,"column":12},"end":{"line":23,"column":30}},"type":"binary-expr","locations":[{"start":{"line":23,"column":12},"end":{"line":23,"column":16}},{"start":{"line":23,"column":20},"end":{"line":23,"column":30}}],"line":23},"2":{"loc":{"start":{"line":56,"column":39},"end":{"line":56,"column":129}},"type":"binary-expr","locations":[{"start":{"line":56,"column":39},"end":{"line":56,"column":49}},{"start":{"line":56,"column":53},"end":{"line":56,"column":129}}],"line":56},"3":{"loc":{"start":{"line":66,"column":32},"end":{"line":66,"column":111}},"type":"binary-expr","locations":[{"start":{"line":66,"column":32},"end":{"line":66,"column":42}},{"start":{"line":66,"column":46},"end":{"line":66,"column":111}}],"line":66},"4":{"loc":{"start":{"line":71,"column":34},"end":{"line":71,"column":52}},"type":"binary-expr","locations":[{"start":{"line":71,"column":34},"end":{"line":71,"column":38}},{"start":{"line":71,"column":42},"end":{"line":71,"column":52}}],"line":71},"5":{"loc":{"start":{"line":72,"column":74},"end":{"line":72,"column":96}},"type":"binary-expr","locations":[{"start":{"line":72,"column":74},"end":{"line":72,"column":82}},{"start":{"line":72,"column":86},"end":{"line":72,"column":96}}],"line":72},"6":{"loc":{"start":{"line":73,"column":70},"end":{"line":73,"column":105}},"type":"binary-expr","locations":[{"start":{"line":73,"column":70},"end":{"line":73,"column":81}},{"start":{"line":73,"column":85},"end":{"line":73,"column":105}}],"line":73},"7":{"loc":{"start":{"line":76,"column":66},"end":{"line":76,"column":80}},"type":"binary-expr","locations":[{"start":{"line":76,"column":66},"end":{"line":76,"column":75}},{"start":{"line":76,"column":79},"end":{"line":76,"column":80}}],"line":76},"8":{"loc":{"start":{"line":80,"column":66},"end":{"line":80,"column":80}},"type":"binary-expr","locations":[{"start":{"line":80,"column":66},"end":{"line":80,"column":75}},{"start":{"line":80,"column":79},"end":{"line":80,"column":80}}],"line":80},"9":{"loc":{"start":{"line":99,"column":69},"end":{"line":99,"column":119}},"type":"cond-expr","locations":[{"start":{"line":99,"column":93},"end":{"line":99,"column":105}},{"start":{"line":99,"column":108},"end":{"line":99,"column":119}}],"line":99}},"s":{"0":1,"1":0,"2":1,"3":0,"4":2,"5":2,"6":1,"7":1,"8":2,"9":2,"10":1,"11":0,"12":0,"13":1,"14":0},"f":{"0":0,"1":0,"2":2,"3":2,"4":0,"5":0,"6":0},"b":{"0":[1,1],"1":[2,1],"2":[2,2],"3":[2,2],"4":[2,2],"5":[2,2],"6":[2,2],"7":[2,2],"8":[2,2],"9":[0,0]},"_coverageSchema":"43e27e138ebf9cfc5966b082cf9a028302ed4184","hash":"de8ea8134a6f151bf9ac4609cc5f1c48ace0a0ea"}
}
