TN:
SF:/Users/adryo/workspace/mum/mpp/TwitterClone/twitter-clone-client/App.js
FN:20,App
FN:29,(anonymous_1)
FN:54,loadResourcesAsync
FN:70,handleLoadingError
FN:76,handleFinishLoading
FNF:5
FNH:1
FNDA:2,App
FNDA:0,(anonymous_1)
FNDA:0,loadResourcesAsync
FNDA:0,handleLoadingError
FNDA:0,handleFinishLoading
DA:16,1
DA:18,1
DA:21,2
DA:24,2
DA:25,1
DA:29,0
DA:33,1
DA:41,2
DA:55,0
DA:73,0
DA:77,0
DA:80,1
LF:12
LH:8
BRDA:24,0,0,1
BRDA:24,0,1,1
BRDA:24,1,0,2
BRDA:24,1,1,2
BRDA:35,2,0,1
BRDA:35,2,1,1
BRF:6
BRH:6
end_of_record
TN:
SF:/Users/adryo/workspace/mum/mpp/TwitterClone/twitter-clone-client/src/components/RoundButton.js
FN:3,(anonymous_0)
FNF:1
FNH:1
FNDA:1,(anonymous_0)
DA:3,1
LF:1
LH:1
BRF:0
BRH:0
end_of_record
TN:
SF:/Users/adryo/workspace/mum/mpp/TwitterClone/twitter-clone-client/src/components/StyledText.js
FN:4,MonoText
FNF:1
FNH:1
FNDA:1,MonoText
DA:5,1
LF:1
LH:1
BRF:0
BRH:0
end_of_record
TN:
SF:/Users/adryo/workspace/mum/mpp/TwitterClone/twitter-clone-client/src/components/TabBarIcon.js
FN:6,TabBarIcon
FNF:1
FNH:0
FNDA:0,TabBarIcon
DA:7,0
LF:1
LH:0
BRDA:12,0,0,0
BRDA:12,0,1,0
BRF:2
BRH:0
end_of_record
TN:
SF:/Users/adryo/workspace/mum/mpp/TwitterClone/twitter-clone-client/src/constants/Colors.js
FNF:0
FNH:0
DA:1,1
LF:1
LH:1
BRF:0
BRH:0
end_of_record
TN:
SF:/Users/adryo/workspace/mum/mpp/TwitterClone/twitter-clone-client/src/redux/actions/tweets.js
FNF:0
FNH:0
LF:0
LH:0
BRF:0
BRH:0
end_of_record
TN:
SF:/Users/adryo/workspace/mum/mpp/TwitterClone/twitter-clone-client/src/redux/actions/user.js
FNF:0
FNH:0
LF:0
LH:0
BRF:0
BRH:0
end_of_record
TN:
SF:/Users/adryo/workspace/mum/mpp/TwitterClone/twitter-clone-client/src/redux/reducers/index.js
FN:10,(anonymous_0)
FNF:1
FNH:1
FNDA:2,(anonymous_0)
DA:5,1
DA:11,2
LF:2
LH:2
BRF:0
BRH:0
end_of_record
TN:
SF:/Users/adryo/workspace/mum/mpp/TwitterClone/twitter-clone-client/src/redux/reducers/tweets.js
FN:9,(anonymous_0)
FNF:1
FNH:1
FNDA:4,(anonymous_0)
DA:3,1
DA:10,4
DA:12,0
DA:14,0
DA:16,0
DA:18,0
DA:20,0
DA:22,0
DA:24,4
LF:9
LH:3
BRDA:9,0,0,3
BRDA:10,1,0,0
BRDA:10,1,1,0
BRDA:10,1,2,0
BRDA:10,1,3,0
BRDA:10,1,4,0
BRDA:10,1,5,0
BRDA:10,1,6,4
BRF:8
BRH:2
end_of_record
TN:
SF:/Users/adryo/workspace/mum/mpp/TwitterClone/twitter-clone-client/src/redux/reducers/user.js
FN:19,(anonymous_0)
FNF:1
FNH:1
FNDA:4,(anonymous_0)
DA:3,1
DA:20,4
DA:22,0
DA:24,0
DA:26,0
DA:28,0
DA:30,0
DA:32,0
DA:34,0
DA:36,0
DA:38,0
DA:40,4
LF:12
LH:3
BRDA:19,0,0,3
BRDA:20,1,0,0
BRDA:20,1,1,0
BRDA:20,1,2,0
BRDA:20,1,3,0
BRDA:20,1,4,0
BRDA:20,1,5,0
BRDA:20,1,6,0
BRDA:20,1,7,0
BRDA:20,1,8,0
BRDA:20,1,9,4
BRF:11
BRH:2
end_of_record
TN:
SF:/Users/adryo/workspace/mum/mpp/TwitterClone/twitter-clone-client/src/redux/sagas/index.js
FN:5,rootSaga
FNF:1
FNH:1
FNDA:1,rootSaga
DA:6,1
LF:1
LH:1
BRF:0
BRH:0
end_of_record
TN:
SF:/Users/adryo/workspace/mum/mpp/TwitterClone/twitter-clone-client/src/redux/sagas/tweets.js
FN:6,items
FN:10,(anonymous_1)
FN:21,searchItems
FN:26,(anonymous_3)
FNF:4
FNH:0
FNDA:0,items
FNDA:0,(anonymous_1)
FNDA:0,searchItems
FNDA:0,(anonymous_3)
DA:7,0
DA:8,0
DA:9,0
DA:10,0
DA:12,0
DA:13,0
DA:14,0
DA:17,0
DA:22,0
DA:24,0
DA:25,0
DA:26,0
DA:29,0
DA:30,0
DA:31,0
DA:32,0
DA:33,0
DA:36,0
LF:18
LH:0
BRDA:10,0,0,0
BRDA:10,0,1,0
BRDA:13,1,0,0
BRDA:13,1,1,0
BRDA:13,2,0,0
BRDA:13,2,1,0
BRDA:26,3,0,0
BRDA:26,3,1,0
BRDA:30,4,0,0
BRDA:30,4,1,0
BRDA:32,5,0,0
BRDA:32,5,1,0
BRDA:32,6,0,0
BRDA:32,6,1,0
BRF:14
BRH:0
end_of_record
TN:
SF:/Users/adryo/workspace/mum/mpp/TwitterClone/twitter-clone-client/src/redux/sagas/user.js
FN:5,login
FN:24,register
FN:44,logout
FN:48,forgotPassword
FN:69,resetPassword
FN:86,updateSelf
FNF:6
FNH:0
FNDA:0,login
FNDA:0,register
FNDA:0,logout
FNDA:0,forgotPassword
FNDA:0,resetPassword
FNDA:0,updateSelf
DA:6,0
DA:7,0
DA:8,0
DA:13,0
DA:15,0
DA:16,0
DA:17,0
DA:20,0
DA:25,0
DA:26,0
DA:27,0
DA:33,0
DA:35,0
DA:36,0
DA:37,0
DA:40,0
DA:45,0
DA:49,0
DA:50,0
DA:54,0
DA:56,0
DA:57,0
DA:60,0
DA:61,0
DA:62,0
DA:65,0
DA:70,0
DA:71,0
DA:77,0
DA:79,0
DA:80,0
DA:81,0
DA:87,0
DA:88,0
DA:91,0
DA:93,0
DA:94,0
DA:95,0
LF:38
LH:0
BRDA:16,0,0,0
BRDA:16,0,1,0
BRDA:16,1,0,0
BRDA:16,1,1,0
BRDA:36,2,0,0
BRDA:36,2,1,0
BRDA:36,3,0,0
BRDA:36,3,1,0
BRDA:56,4,0,0
BRDA:56,4,1,0
BRDA:61,5,0,0
BRDA:61,5,1,0
BRDA:61,6,0,0
BRDA:61,6,1,0
BRDA:80,7,0,0
BRDA:80,7,1,0
BRDA:80,8,0,0
BRDA:80,8,1,0
BRDA:94,9,0,0
BRDA:94,9,1,0
BRDA:94,10,0,0
BRDA:94,10,1,0
BRF:22
BRH:0
end_of_record
TN:
SF:/Users/adryo/workspace/mum/mpp/TwitterClone/twitter-clone-client/src/redux/services/tweet.service.js
FN:4,(anonymous_0)
FN:7,(anonymous_1)
FN:11,(anonymous_2)
FNF:3
FNH:1
FNDA:2,(anonymous_0)
FNDA:0,(anonymous_1)
FNDA:0,(anonymous_2)
DA:5,2
DA:8,0
DA:12,0
LF:3
LH:1
BRF:0
BRH:0
end_of_record
TN:
SF:/Users/adryo/workspace/mum/mpp/TwitterClone/twitter-clone-client/src/redux/services/tweet.service.mock.js
FN:11,(anonymous_0)
FN:20,(anonymous_1)
FN:24,(anonymous_2)
FNF:3
FNH:0
FNDA:0,(anonymous_0)
FNDA:0,(anonymous_1)
FNDA:0,(anonymous_2)
DA:7,1
DA:8,1
DA:12,0
DA:16,0
DA:17,0
DA:21,0
DA:22,0
DA:23,0
DA:25,0
DA:26,0
DA:27,0
DA:29,0
DA:33,0
DA:36,0
DA:37,0
LF:15
LH:2
BRDA:21,0,0,0
BRDA:21,0,1,0
BRDA:21,1,0,0
BRDA:21,1,1,0
BRDA:21,1,2,0
BRDA:27,2,0,0
BRDA:27,2,1,0
BRDA:27,3,0,0
BRDA:27,3,1,0
BRF:9
BRH:0
end_of_record
TN:
SF:/Users/adryo/workspace/mum/mpp/TwitterClone/twitter-clone-client/src/redux/services/user.service.js
FN:3,(anonymous_0)
FN:6,(anonymous_1)
FN:9,(anonymous_2)
FN:12,(anonymous_3)
FN:15,(anonymous_4)
FNF:5
FNH:0
FNDA:0,(anonymous_0)
FNDA:0,(anonymous_1)
FNDA:0,(anonymous_2)
FNDA:0,(anonymous_3)
FNDA:0,(anonymous_4)
LF:0
LH:0
BRF:0
BRH:0
end_of_record
TN:
SF:/Users/adryo/workspace/mum/mpp/TwitterClone/twitter-clone-client/src/redux/store/index.js
FN:23,(anonymous_0)
FN:24,(anonymous_1)
FN:25,(anonymous_2)
FNF:3
FNH:2
FNDA:3,(anonymous_0)
FNDA:0,(anonymous_1)
FNDA:1,(anonymous_2)
DA:8,1
DA:14,1
DA:16,1
DA:17,1
DA:23,3
DA:24,0
DA:25,1
LF:7
LH:6
BRF:0
BRH:0
end_of_record
TN:
SF:/Users/adryo/workspace/mum/mpp/TwitterClone/twitter-clone-client/src/redux/store/storage.js
FNF:0
FNH:0
DA:3,1
LF:1
LH:1
BRF:0
BRH:0
end_of_record
TN:
SF:/Users/adryo/workspace/mum/mpp/TwitterClone/twitter-clone-client/src/screens/profile/ProfileScreen.js
FN:10,(anonymous_0)
FN:16,(anonymous_1)
FN:21,(anonymous_2)
FN:50,(anonymous_3)
FN:98,(anonymous_4)
FN:99,(anonymous_5)
FN:135,(anonymous_6)
FNF:7
FNH:2
FNDA:0,(anonymous_0)
FNDA:0,(anonymous_1)
FNDA:2,(anonymous_2)
FNDA:2,(anonymous_3)
FNDA:0,(anonymous_4)
FNDA:0,(anonymous_5)
FNDA:0,(anonymous_6)
DA:10,1
DA:11,0
DA:16,1
DA:17,0
DA:22,2
DA:23,2
DA:24,1
DA:34,1
DA:51,2
DA:52,2
DA:97,1
DA:98,0
DA:99,0
DA:102,1
DA:135,0
LF:15
LH:10
BRDA:23,0,0,1
BRDA:23,0,1,1
BRDA:23,1,0,2
BRDA:23,1,1,1
BRDA:56,2,0,2
BRDA:56,2,1,2
BRDA:66,3,0,2
BRDA:66,3,1,2
BRDA:71,4,0,2
BRDA:71,4,1,2
BRDA:72,5,0,2
BRDA:72,5,1,2
BRDA:73,6,0,2
BRDA:73,6,1,2
BRDA:76,7,0,2
BRDA:76,7,1,2
BRDA:80,8,0,2
BRDA:80,8,1,2
BRDA:99,9,0,0
BRDA:99,9,1,0
BRF:20
BRH:18
end_of_record
